2025-06-10 20:33:08.408507 - User: Anonymous - Path: /
2025-06-10 20:36:59.117287 - User: Anonymous - Path: /
2025-06-10 20:37:02.870746 - User: Anonymous - Path: /
2025-06-10 20:37:21.050294 - User: Anonymous - Path: /admin/
2025-06-10 20:37:21.063605 - User: Anonymous - Path: /admin/login/
2025-06-10 20:37:32.318416 - User: Anonymous - Path: /admin/login/
2025-06-10 20:49:58.593244 - User: Anonymous - Path: /
2025-06-10 20:50:09.016296 - User: Anonymous - Path: /chats
2025-06-10 20:50:13.753892 - User: Anonymous - Path: /chats/
2025-06-10 20:50:49.166995 - User: Anonymous - Path: /chats/
2025-06-10 20:51:18.040758 - User: Anonymous - Path: /chats
2025-06-10 21:08:32.644799 - User: Anonymous - Path: /
2025-06-10 21:08:47.383398 - User: Anonymous - Path: /
2025-06-10 21:08:47.552032 - User: Anonymous - Path: /
2025-06-10 21:08:47.728272 - User: Anonymous - Path: /
2025-06-10 21:08:47.902716 - User: Anonymous - Path: /
2025-06-10 21:08:48.111197 - User: Anonymous - Path: /
2025-06-10 21:08:48.308828 - User: Anonymous - Path: /
2025-06-10 21:08:48.496190 - User: Anonymous - Path: /
2025-06-10 21:08:48.694654 - User: Anonymous - Path: /
2025-06-10 21:08:48.875526 - User: Anonymous - Path: /
2025-06-10 21:08:49.052254 - User: Anonymous - Path: /
2025-06-10 21:08:49.226312 - User: Anonymous - Path: /
2025-06-10 21:08:49.388452 - User: Anonymous - Path: /
2025-06-10 21:08:49.540155 - User: Anonymous - Path: /
2025-06-10 21:08:49.689688 - User: Anonymous - Path: /
2025-06-10 21:08:49.820541 - User: Anonymous - Path: /
2025-06-10 21:08:49.951849 - User: Anonymous - Path: /
2025-06-10 21:08:50.085642 - User: Anonymous - Path: /
2025-06-10 21:08:50.203887 - User: Anonymous - Path: /
2025-06-10 21:08:50.330403 - User: Anonymous - Path: /
2025-06-10 21:08:50.463289 - User: Anonymous - Path: /
2025-06-10 21:08:50.601055 - User: Anonymous - Path: /
2025-06-10 21:08:50.712239 - User: Anonymous - Path: /
2025-06-10 21:08:50.845095 - User: Anonymous - Path: /
2025-06-10 21:08:50.966618 - User: Anonymous - Path: /
2025-06-10 21:08:51.113226 - User: Anonymous - Path: /
2025-06-10 21:08:51.328631 - User: Anonymous - Path: /
2025-06-10 21:08:51.517562 - User: Anonymous - Path: /
2025-06-10 21:08:51.695895 - User: Anonymous - Path: /
2025-06-10 21:08:52.414942 - User: Anonymous - Path: /
2025-06-10 21:08:52.929194 - User: Anonymous - Path: /
2025-06-10 21:08:53.456444 - User: Anonymous - Path: /
2025-06-10 21:08:53.920851 - User: Anonymous - Path: /
2025-06-10 21:08:54.405509 - User: Anonymous - Path: /
2025-06-10 21:08:54.832413 - User: Anonymous - Path: /
2025-06-10 21:08:55.325544 - User: Anonymous - Path: /
2025-06-10 21:08:55.516623 - User: Anonymous - Path: /
2025-06-10 21:08:55.689062 - User: Anonymous - Path: /
2025-06-10 21:08:55.874833 - User: Anonymous - Path: /
2025-06-10 21:08:56.070262 - User: Anonymous - Path: /
2025-06-10 21:08:56.249012 - User: Anonymous - Path: /
2025-06-10 21:08:56.569010 - User: Anonymous - Path: /
2025-06-10 21:08:56.746300 - User: Anonymous - Path: /
2025-06-10 21:08:57.031530 - User: Anonymous - Path: /
2025-06-10 21:08:57.226462 - User: Anonymous - Path: /
2025-06-10 21:08:57.399608 - User: Anonymous - Path: /
2025-06-10 21:08:57.566797 - User: Anonymous - Path: /
2025-06-10 21:08:57.765636 - User: Anonymous - Path: /
2025-06-10 21:08:57.979920 - User: Anonymous - Path: /
2025-06-10 21:08:58.161696 - User: Anonymous - Path: /
2025-06-10 21:08:58.415948 - User: Anonymous - Path: /
2025-06-10 21:08:58.674889 - User: Anonymous - Path: /
2025-06-10 21:08:58.964208 - User: Anonymous - Path: /
2025-06-10 21:08:59.293578 - User: Anonymous - Path: /
2025-06-10 21:08:59.723909 - User: Anonymous - Path: /
2025-06-10 21:09:00.085013 - User: Anonymous - Path: /
2025-06-10 21:09:00.671654 - User: Anonymous - Path: /
2025-06-10 21:09:00.844265 - User: Anonymous - Path: /
2025-06-10 21:09:00.987342 - User: Anonymous - Path: /
2025-06-10 21:09:01.138534 - User: Anonymous - Path: /
2025-06-10 21:09:01.299443 - User: Anonymous - Path: /
2025-06-10 21:09:01.445972 - User: Anonymous - Path: /
2025-06-10 21:09:01.601330 - User: Anonymous - Path: /
2025-06-10 21:09:01.788152 - User: Anonymous - Path: /
2025-06-10 21:09:01.917801 - User: Anonymous - Path: /
2025-06-10 21:09:02.080159 - User: Anonymous - Path: /
2025-06-10 21:09:02.240258 - User: Anonymous - Path: /
2025-06-10 21:09:02.424992 - User: Anonymous - Path: /
2025-06-10 21:09:02.578088 - User: Anonymous - Path: /
2025-06-10 21:09:02.743991 - User: Anonymous - Path: /
2025-06-10 21:09:18.479550 - User: Anonymous - Path: /admin/
2025-06-10 21:09:18.489498 - User: Anonymous - Path: /admin/login/
2025-06-10 21:09:27.078317 - User: Anonymous - Path: /admin/login/
2025-06-10 21:09:40.597088 - User: Anonymous - Path: /
2025-06-10 21:09:43.053506 - User: Anonymous - Path: /
2025-06-10 21:09:43.267125 - User: Anonymous - Path: /
2025-06-10 21:09:43.438205 - User: Anonymous - Path: /
2025-06-10 21:09:43.601767 - User: Anonymous - Path: /
2025-06-10 21:09:43.768593 - User: Anonymous - Path: /
2025-06-10 21:21:19.466572 - User: Anonymous - Path: /
2025-06-10 21:21:27.377278 - User: Anonymous - Path: /
2025-06-10 21:22:47.758501 - User: Anonymous - Path: /
2025-06-10 21:23:08.646923 - User: Anonymous - Path: /
2025-06-10 21:23:10.979245 - User: Anonymous - Path: /
2025-06-10 21:23:26.929762 - User: Anonymous - Path: /
2025-06-10 21:25:20.742352 - User: Anonymous - Path: /
2025-06-10 21:25:21.416074 - User: Anonymous - Path: /
2025-06-10 21:25:22.745804 - User: Anonymous - Path: /
2025-06-10 21:25:27.857458 - User: Anonymous - Path: /chats
2025-06-10 21:25:30.006353 - User: Anonymous - Path: /admin/
2025-06-10 21:25:30.017696 - User: Anonymous - Path: /admin/login/
2025-06-10 21:25:34.424071 - User: Anonymous - Path: /admin/login/
2025-06-10 21:25:36.396579 - User: Anonymous - Path: /admin/login/
2025-06-10 21:25:40.018950 - User: Anonymous - Path: /admin/login/
2025-06-10 21:25:41.620062 - User: Anonymous - Path: /admin/login/
2025-06-10 21:25:44.435977 - User: Anonymous - Path: /admin/login/
2025-06-10 21:25:46.046855 - User: Anonymous - Path: /admin/login/
2025-06-10 21:25:48.615038 - User: Anonymous - Path: /admin/login/
2025-06-10 21:25:50.328715 - User: Anonymous - Path: /admin/login/
2025-06-10 21:25:53.294242 - User: Anonymous - Path: /admin/login/
2025-06-10 21:25:57.575845 - User: Anonymous - Path: /admin/login/
